build/app/intermediates/manifest_merge_blame_file/release/manifest-merger-blame-release-report.txt
1<?xml version="1.0" encoding="utf-8"?>
2<manifest xmlns:android="http://schemas.android.com/apk/res/android"
3    package="com.example.cloud_storo"
4    android:versionCode="1"
5    android:versionName="1.0.0" >
6
7    <uses-sdk
8        android:minSdkVersion="24"
8-->src\main\AndroidManifest.xml
9        android:targetSdkVersion="33" />
9-->src\main\AndroidManifest.xml
10
11    <uses-permission android:name="android.permission.WRITE_EXTERNAL_STORAGE" />
11-->src\main\AndroidManifest.xml:2:5-80
11-->src\main\AndroidManifest.xml:2:22-78
12    <uses-permission
12-->src\main\AndroidManifest.xml:3:5-79
13        android:name="android.permission.READ_EXTERNAL_STORAGE"
13-->src\main\AndroidManifest.xml:3:22-77
14        android:maxSdkVersion="32" />
14-->[:file_picker] AndroidManifest.xml:11:9-35
15    <uses-permission android:name="android.permission.MANAGE_EXTERNAL_STORAGE" />
15-->src\main\AndroidManifest.xml:4:5-81
15-->src\main\AndroidManifest.xml:4:22-79
16    <uses-permission android:name="android.permission.WAKE_LOCK" />
16-->src\main\AndroidManifest.xml:5:5-68
16-->src\main\AndroidManifest.xml:5:22-65
17    <uses-permission android:name="android.permission.INTERNET" />
17-->src\main\AndroidManifest.xml:6:5-67
17-->src\main\AndroidManifest.xml:6:22-64
18    <!--
19         Required to query activities that can process text, see:
20         https://developer.android.com/training/package-visibility?hl=en and
21         https://developer.android.com/reference/android/content/Intent#ACTION_PROCESS_TEXT.
22
23         In particular, this is used by the Flutter engine in io.flutter.plugin.text.ProcessTextPlugin.
24    -->
25    <queries>
25-->src\main\AndroidManifest.xml:44:5-49:15
26        <intent>
26-->src\main\AndroidManifest.xml:45:9-48:18
27            <action android:name="android.intent.action.PROCESS_TEXT" />
27-->src\main\AndroidManifest.xml:46:13-72
27-->src\main\AndroidManifest.xml:46:21-70
28
29            <data android:mimeType="text/plain" />
29-->src\main\AndroidManifest.xml:47:13-50
29-->src\main\AndroidManifest.xml:47:19-48
30        </intent>
31        <intent>
31-->[:file_picker] AndroidManifest.xml:14:9-18:18
32            <action android:name="android.intent.action.GET_CONTENT" />
32-->[:file_picker] AndroidManifest.xml:15:13-72
32-->[:file_picker] AndroidManifest.xml:15:21-69
33
34            <data android:mimeType="*/*" />
34-->src\main\AndroidManifest.xml:47:13-50
34-->src\main\AndroidManifest.xml:47:19-48
35        </intent>
36        <intent>
36-->[:flutter_downloader] AndroidManifest.xml:11:9-13:18
37            <action android:name="android.intent.action.VIEW" />
37-->[:flutter_downloader] AndroidManifest.xml:12:13-65
37-->[:flutter_downloader] AndroidManifest.xml:12:21-62
38        </intent>
39    </queries>
40
41    <uses-permission android:name="android.permission.POST_NOTIFICATIONS" />
41-->[:flutter_downloader] AndroidManifest.xml:16:5-77
41-->[:flutter_downloader] AndroidManifest.xml:16:22-74
42    <uses-permission android:name="android.permission.ACCESS_NETWORK_STATE" />
42-->[com.google.firebase:firebase-auth:22.3.1] AndroidManifest.xml:26:5-79
42-->[com.google.firebase:firebase-auth:22.3.1] AndroidManifest.xml:26:22-76
43    <uses-permission android:name="com.google.android.providers.gsf.permission.READ_GSERVICES" />
43-->[com.google.android.recaptcha:recaptcha:18.4.0] AndroidManifest.xml:9:5-98
43-->[com.google.android.recaptcha:recaptcha:18.4.0] AndroidManifest.xml:9:22-95
44    <uses-permission android:name="android.permission.RECEIVE_BOOT_COMPLETED" />
44-->[androidx.work:work-runtime:2.7.1] AndroidManifest.xml:27:5-81
44-->[androidx.work:work-runtime:2.7.1] AndroidManifest.xml:27:22-78
45    <uses-permission android:name="android.permission.FOREGROUND_SERVICE" />
45-->[androidx.work:work-runtime:2.7.1] AndroidManifest.xml:28:5-77
45-->[androidx.work:work-runtime:2.7.1] AndroidManifest.xml:28:22-74
46
47    <permission
47-->[androidx.core:core:1.10.1] AndroidManifest.xml:22:5-24:47
48        android:name="com.example.cloud_storo.DYNAMIC_RECEIVER_NOT_EXPORTED_PERMISSION"
48-->[androidx.core:core:1.10.1] AndroidManifest.xml:23:9-81
49        android:protectionLevel="signature" />
49-->[androidx.core:core:1.10.1] AndroidManifest.xml:24:9-44
50
51    <uses-permission android:name="com.example.cloud_storo.DYNAMIC_RECEIVER_NOT_EXPORTED_PERMISSION" />
51-->[androidx.core:core:1.10.1] AndroidManifest.xml:26:5-97
51-->[androidx.core:core:1.10.1] AndroidManifest.xml:26:22-94
52
53    <application
54        android:name="android.app.Application"
54-->src\main\AndroidManifest.xml:9:9-42
55        android:appComponentFactory="androidx.core.app.CoreComponentFactory"
55-->[androidx.core:core:1.10.1] AndroidManifest.xml:28:18-86
56        android:extractNativeLibs="false"
57        android:icon="@mipmap/ic_launcher"
57-->src\main\AndroidManifest.xml:11:9-43
58        android:label="Storo"
58-->src\main\AndroidManifest.xml:8:9-30
59        android:requestLegacyExternalStorage="true" >
59-->src\main\AndroidManifest.xml:10:9-52
60        <activity
60-->src\main\AndroidManifest.xml:12:9-32:20
61            android:name="com.example.cloud_storo.MainActivity"
61-->src\main\AndroidManifest.xml:13:13-41
62            android:configChanges="orientation|keyboardHidden|keyboard|screenSize|smallestScreenSize|locale|layoutDirection|fontScale|screenLayout|density|uiMode"
62-->src\main\AndroidManifest.xml:17:13-163
63            android:exported="true"
63-->src\main\AndroidManifest.xml:14:13-36
64            android:hardwareAccelerated="true"
64-->src\main\AndroidManifest.xml:18:13-47
65            android:launchMode="singleTop"
65-->src\main\AndroidManifest.xml:15:13-43
66            android:theme="@style/LaunchTheme"
66-->src\main\AndroidManifest.xml:16:13-47
67            android:windowSoftInputMode="adjustResize" >
67-->src\main\AndroidManifest.xml:19:13-55
68
69            <!--
70                 Specifies an Android theme to apply to this Activity as soon as
71                 the Android process has started. This theme is visible to the user
72                 while the Flutter UI initializes. After that, this theme continues
73                 to determine the Window background behind the Flutter UI.
74            -->
75            <meta-data
75-->src\main\AndroidManifest.xml:24:13-27:17
76                android:name="io.flutter.embedding.android.NormalTheme"
76-->src\main\AndroidManifest.xml:25:15-70
77                android:resource="@style/NormalTheme" />
77-->src\main\AndroidManifest.xml:26:15-52
78
79            <intent-filter>
79-->src\main\AndroidManifest.xml:28:13-31:29
80                <action android:name="android.intent.action.MAIN" />
80-->src\main\AndroidManifest.xml:29:17-68
80-->src\main\AndroidManifest.xml:29:25-66
81
82                <category android:name="android.intent.category.LAUNCHER" />
82-->src\main\AndroidManifest.xml:30:17-76
82-->src\main\AndroidManifest.xml:30:27-74
83            </intent-filter>
84        </activity>
85        <!--
86             Don't delete the meta-data below.
87             This is used by the Flutter tool to generate GeneratedPluginRegistrant.java
88        -->
89        <meta-data
89-->src\main\AndroidManifest.xml:35:9-37:33
90            android:name="flutterEmbedding"
90-->src\main\AndroidManifest.xml:36:13-44
91            android:value="2" />
91-->src\main\AndroidManifest.xml:37:13-30
92
93        <service
93-->[:cloud_firestore] AndroidManifest.xml:10:9-14:19
94            android:name="com.google.firebase.components.ComponentDiscoveryService"
94-->[:cloud_firestore] AndroidManifest.xml:10:18-89
95            android:directBootAware="true"
95-->[com.google.firebase:firebase-common:20.4.3] AndroidManifest.xml:32:13-43
96            android:exported="false" >
96-->[com.google.firebase:firebase-auth:22.3.1] AndroidManifest.xml:68:13-37
97            <meta-data
97-->[:cloud_firestore] AndroidManifest.xml:11:13-13:85
98                android:name="com.google.firebase.components:io.flutter.plugins.firebase.firestore.FlutterFirebaseFirestoreRegistrar"
98-->[:cloud_firestore] AndroidManifest.xml:12:17-134
99                android:value="com.google.firebase.components.ComponentRegistrar" />
99-->[:cloud_firestore] AndroidManifest.xml:13:17-82
100            <meta-data
100-->[:firebase_auth] AndroidManifest.xml:11:13-13:85
101                android:name="com.google.firebase.components:io.flutter.plugins.firebase.auth.FlutterFirebaseAuthRegistrar"
101-->[:firebase_auth] AndroidManifest.xml:12:17-124
102                android:value="com.google.firebase.components.ComponentRegistrar" />
102-->[:firebase_auth] AndroidManifest.xml:13:17-82
103            <meta-data
103-->[:firebase_storage] AndroidManifest.xml:11:13-13:85
104                android:name="com.google.firebase.components:io.flutter.plugins.firebase.storage.FlutterFirebaseAppRegistrar"
104-->[:firebase_storage] AndroidManifest.xml:12:17-126
105                android:value="com.google.firebase.components.ComponentRegistrar" />
105-->[:firebase_storage] AndroidManifest.xml:13:17-82
106            <meta-data
106-->[:firebase_core] AndroidManifest.xml:11:13-13:85
107                android:name="com.google.firebase.components:io.flutter.plugins.firebase.core.FlutterFirebaseCoreRegistrar"
107-->[:firebase_core] AndroidManifest.xml:12:17-124
108                android:value="com.google.firebase.components.ComponentRegistrar" />
108-->[:firebase_core] AndroidManifest.xml:13:17-82
109            <meta-data
109-->[com.google.firebase:firebase-auth:22.3.1] AndroidManifest.xml:69:13-71:85
110                android:name="com.google.firebase.components:com.google.firebase.auth.FirebaseAuthRegistrar"
110-->[com.google.firebase:firebase-auth:22.3.1] AndroidManifest.xml:70:17-109
111                android:value="com.google.firebase.components.ComponentRegistrar" />
111-->[com.google.firebase:firebase-auth:22.3.1] AndroidManifest.xml:71:17-82
112            <meta-data
112-->[com.google.firebase:firebase-firestore:24.11.0] AndroidManifest.xml:17:13-19:85
113                android:name="com.google.firebase.components:com.google.firebase.firestore.FirebaseFirestoreKtxRegistrar"
113-->[com.google.firebase:firebase-firestore:24.11.0] AndroidManifest.xml:18:17-122
114                android:value="com.google.firebase.components.ComponentRegistrar" />
114-->[com.google.firebase:firebase-firestore:24.11.0] AndroidManifest.xml:19:17-82
115            <meta-data
115-->[com.google.firebase:firebase-firestore:24.11.0] AndroidManifest.xml:20:13-22:85
116                android:name="com.google.firebase.components:com.google.firebase.firestore.FirestoreRegistrar"
116-->[com.google.firebase:firebase-firestore:24.11.0] AndroidManifest.xml:21:17-111
117                android:value="com.google.firebase.components.ComponentRegistrar" />
117-->[com.google.firebase:firebase-firestore:24.11.0] AndroidManifest.xml:22:17-82
118            <meta-data
118-->[com.google.firebase:firebase-storage:20.3.0] AndroidManifest.xml:30:13-32:85
119                android:name="com.google.firebase.components:com.google.firebase.storage.FirebaseStorageKtxRegistrar"
119-->[com.google.firebase:firebase-storage:20.3.0] AndroidManifest.xml:31:17-118
120                android:value="com.google.firebase.components.ComponentRegistrar" />
120-->[com.google.firebase:firebase-storage:20.3.0] AndroidManifest.xml:32:17-82
121            <meta-data
121-->[com.google.firebase:firebase-storage:20.3.0] AndroidManifest.xml:33:13-35:85
122                android:name="com.google.firebase.components:com.google.firebase.storage.StorageRegistrar"
122-->[com.google.firebase:firebase-storage:20.3.0] AndroidManifest.xml:34:17-107
123                android:value="com.google.firebase.components.ComponentRegistrar" />
123-->[com.google.firebase:firebase-storage:20.3.0] AndroidManifest.xml:35:17-82
124            <meta-data
124-->[com.google.firebase:firebase-appcheck:17.1.2] AndroidManifest.xml:25:13-27:85
125                android:name="com.google.firebase.components:com.google.firebase.appcheck.FirebaseAppCheckKtxRegistrar"
125-->[com.google.firebase:firebase-appcheck:17.1.2] AndroidManifest.xml:26:17-120
126                android:value="com.google.firebase.components.ComponentRegistrar" />
126-->[com.google.firebase:firebase-appcheck:17.1.2] AndroidManifest.xml:27:17-82
127            <meta-data
127-->[com.google.firebase:firebase-appcheck:17.1.2] AndroidManifest.xml:28:13-30:85
128                android:name="com.google.firebase.components:com.google.firebase.appcheck.FirebaseAppCheckRegistrar"
128-->[com.google.firebase:firebase-appcheck:17.1.2] AndroidManifest.xml:29:17-117
129                android:value="com.google.firebase.components.ComponentRegistrar" />
129-->[com.google.firebase:firebase-appcheck:17.1.2] AndroidManifest.xml:30:17-82
130            <meta-data
130-->[com.google.firebase:firebase-common-ktx:20.4.3] AndroidManifest.xml:12:13-14:85
131                android:name="com.google.firebase.components:com.google.firebase.ktx.FirebaseCommonLegacyRegistrar"
131-->[com.google.firebase:firebase-common-ktx:20.4.3] AndroidManifest.xml:13:17-116
132                android:value="com.google.firebase.components.ComponentRegistrar" />
132-->[com.google.firebase:firebase-common-ktx:20.4.3] AndroidManifest.xml:14:17-82
133            <meta-data
133-->[com.google.firebase:firebase-common:20.4.3] AndroidManifest.xml:35:13-37:85
134                android:name="com.google.firebase.components:com.google.firebase.FirebaseCommonKtxRegistrar"
134-->[com.google.firebase:firebase-common:20.4.3] AndroidManifest.xml:36:17-109
135                android:value="com.google.firebase.components.ComponentRegistrar" />
135-->[com.google.firebase:firebase-common:20.4.3] AndroidManifest.xml:37:17-82
136        </service>
137
138        <activity
138-->[:url_launcher_android] AndroidManifest.xml:10:9-13:74
139            android:name="io.flutter.plugins.urllauncher.WebViewActivity"
139-->[:url_launcher_android] AndroidManifest.xml:11:13-74
140            android:exported="false"
140-->[:url_launcher_android] AndroidManifest.xml:12:13-37
141            android:theme="@android:style/Theme.NoTitleBar.Fullscreen" />
141-->[:url_launcher_android] AndroidManifest.xml:13:13-71
142        <activity
142-->[com.google.firebase:firebase-auth:22.3.1] AndroidManifest.xml:29:9-46:20
143            android:name="com.google.firebase.auth.internal.GenericIdpActivity"
143-->[com.google.firebase:firebase-auth:22.3.1] AndroidManifest.xml:30:13-80
144            android:excludeFromRecents="true"
144-->[com.google.firebase:firebase-auth:22.3.1] AndroidManifest.xml:31:13-46
145            android:exported="true"
145-->[com.google.firebase:firebase-auth:22.3.1] AndroidManifest.xml:32:13-36
146            android:launchMode="singleTask"
146-->[com.google.firebase:firebase-auth:22.3.1] AndroidManifest.xml:33:13-44
147            android:theme="@android:style/Theme.Translucent.NoTitleBar" >
147-->[com.google.firebase:firebase-auth:22.3.1] AndroidManifest.xml:34:13-72
148            <intent-filter>
148-->[com.google.firebase:firebase-auth:22.3.1] AndroidManifest.xml:35:13-45:29
149                <action android:name="android.intent.action.VIEW" />
149-->[:flutter_downloader] AndroidManifest.xml:12:13-65
149-->[:flutter_downloader] AndroidManifest.xml:12:21-62
150
151                <category android:name="android.intent.category.DEFAULT" />
151-->[com.google.firebase:firebase-auth:22.3.1] AndroidManifest.xml:38:17-76
151-->[com.google.firebase:firebase-auth:22.3.1] AndroidManifest.xml:38:27-73
152                <category android:name="android.intent.category.BROWSABLE" />
152-->[com.google.firebase:firebase-auth:22.3.1] AndroidManifest.xml:39:17-78
152-->[com.google.firebase:firebase-auth:22.3.1] AndroidManifest.xml:39:27-75
153
154                <data
154-->src\main\AndroidManifest.xml:47:13-50
155                    android:host="firebase.auth"
156                    android:path="/"
157                    android:scheme="genericidp" />
158            </intent-filter>
159        </activity>
160        <activity
160-->[com.google.firebase:firebase-auth:22.3.1] AndroidManifest.xml:47:9-64:20
161            android:name="com.google.firebase.auth.internal.RecaptchaActivity"
161-->[com.google.firebase:firebase-auth:22.3.1] AndroidManifest.xml:48:13-79
162            android:excludeFromRecents="true"
162-->[com.google.firebase:firebase-auth:22.3.1] AndroidManifest.xml:49:13-46
163            android:exported="true"
163-->[com.google.firebase:firebase-auth:22.3.1] AndroidManifest.xml:50:13-36
164            android:launchMode="singleTask"
164-->[com.google.firebase:firebase-auth:22.3.1] AndroidManifest.xml:51:13-44
165            android:theme="@android:style/Theme.Translucent.NoTitleBar" >
165-->[com.google.firebase:firebase-auth:22.3.1] AndroidManifest.xml:52:13-72
166            <intent-filter>
166-->[com.google.firebase:firebase-auth:22.3.1] AndroidManifest.xml:53:13-63:29
167                <action android:name="android.intent.action.VIEW" />
167-->[:flutter_downloader] AndroidManifest.xml:12:13-65
167-->[:flutter_downloader] AndroidManifest.xml:12:21-62
168
169                <category android:name="android.intent.category.DEFAULT" />
169-->[com.google.firebase:firebase-auth:22.3.1] AndroidManifest.xml:38:17-76
169-->[com.google.firebase:firebase-auth:22.3.1] AndroidManifest.xml:38:27-73
170                <category android:name="android.intent.category.BROWSABLE" />
170-->[com.google.firebase:firebase-auth:22.3.1] AndroidManifest.xml:39:17-78
170-->[com.google.firebase:firebase-auth:22.3.1] AndroidManifest.xml:39:27-75
171
172                <data
172-->src\main\AndroidManifest.xml:47:13-50
173                    android:host="firebase.auth"
174                    android:path="/"
175                    android:scheme="recaptcha" />
176            </intent-filter>
177        </activity>
178
179        <uses-library
179-->[androidx.window:window:1.0.0-beta04] AndroidManifest.xml:25:9-27:40
180            android:name="androidx.window.extensions"
180-->[androidx.window:window:1.0.0-beta04] AndroidManifest.xml:26:13-54
181            android:required="false" />
181-->[androidx.window:window:1.0.0-beta04] AndroidManifest.xml:27:13-37
182        <uses-library
182-->[androidx.window:window:1.0.0-beta04] AndroidManifest.xml:28:9-30:40
183            android:name="androidx.window.sidecar"
183-->[androidx.window:window:1.0.0-beta04] AndroidManifest.xml:29:13-51
184            android:required="false" />
184-->[androidx.window:window:1.0.0-beta04] AndroidManifest.xml:30:13-37
185
186        <activity
186-->[com.google.android.gms:play-services-auth:21.0.0] AndroidManifest.xml:23:9-27:75
187            android:name="com.google.android.gms.auth.api.signin.internal.SignInHubActivity"
187-->[com.google.android.gms:play-services-auth:21.0.0] AndroidManifest.xml:24:13-93
188            android:excludeFromRecents="true"
188-->[com.google.android.gms:play-services-auth:21.0.0] AndroidManifest.xml:25:13-46
189            android:exported="false"
189-->[com.google.android.gms:play-services-auth:21.0.0] AndroidManifest.xml:26:13-37
190            android:theme="@android:style/Theme.Translucent.NoTitleBar" />
190-->[com.google.android.gms:play-services-auth:21.0.0] AndroidManifest.xml:27:13-72
191        <!--
192            Service handling Google Sign-In user revocation. For apps that do not integrate with
193            Google Sign-In, this service will never be started.
194        -->
195        <service
195-->[com.google.android.gms:play-services-auth:21.0.0] AndroidManifest.xml:33:9-37:51
196            android:name="com.google.android.gms.auth.api.signin.RevocationBoundService"
196-->[com.google.android.gms:play-services-auth:21.0.0] AndroidManifest.xml:34:13-89
197            android:exported="true"
197-->[com.google.android.gms:play-services-auth:21.0.0] AndroidManifest.xml:35:13-36
198            android:permission="com.google.android.gms.auth.api.signin.permission.REVOCATION_NOTIFICATION"
198-->[com.google.android.gms:play-services-auth:21.0.0] AndroidManifest.xml:36:13-107
199            android:visibleToInstantApps="true" />
199-->[com.google.android.gms:play-services-auth:21.0.0] AndroidManifest.xml:37:13-48
200
201        <provider
201-->[com.google.firebase:firebase-common:20.4.3] AndroidManifest.xml:23:9-28:39
202            android:name="com.google.firebase.provider.FirebaseInitProvider"
202-->[com.google.firebase:firebase-common:20.4.3] AndroidManifest.xml:24:13-77
203            android:authorities="com.example.cloud_storo.firebaseinitprovider"
203-->[com.google.firebase:firebase-common:20.4.3] AndroidManifest.xml:25:13-72
204            android:directBootAware="true"
204-->[com.google.firebase:firebase-common:20.4.3] AndroidManifest.xml:26:13-43
205            android:exported="false"
205-->[com.google.firebase:firebase-common:20.4.3] AndroidManifest.xml:27:13-37
206            android:initOrder="100" />
206-->[com.google.firebase:firebase-common:20.4.3] AndroidManifest.xml:28:13-36
207
208        <activity
208-->[com.google.android.gms:play-services-base:18.1.0] AndroidManifest.xml:20:9-22:45
209            android:name="com.google.android.gms.common.api.GoogleApiActivity"
209-->[com.google.android.gms:play-services-base:18.1.0] AndroidManifest.xml:20:19-85
210            android:exported="false"
210-->[com.google.android.gms:play-services-base:18.1.0] AndroidManifest.xml:22:19-43
211            android:theme="@android:style/Theme.Translucent.NoTitleBar" />
211-->[com.google.android.gms:play-services-base:18.1.0] AndroidManifest.xml:21:19-78
212
213        <meta-data
213-->[com.google.android.gms:play-services-basement:18.3.0] AndroidManifest.xml:21:9-23:69
214            android:name="com.google.android.gms.version"
214-->[com.google.android.gms:play-services-basement:18.3.0] AndroidManifest.xml:22:13-58
215            android:value="@integer/google_play_services_version" />
215-->[com.google.android.gms:play-services-basement:18.3.0] AndroidManifest.xml:23:13-66
216
217        <provider
217-->[androidx.work:work-runtime:2.7.1] AndroidManifest.xml:31:9-39:20
218            android:name="androidx.startup.InitializationProvider"
218-->[androidx.work:work-runtime:2.7.1] AndroidManifest.xml:32:13-67
219            android:authorities="com.example.cloud_storo.androidx-startup"
219-->[androidx.work:work-runtime:2.7.1] AndroidManifest.xml:33:13-68
220            android:exported="false" >
220-->[androidx.work:work-runtime:2.7.1] AndroidManifest.xml:34:13-37
221            <meta-data
221-->[androidx.work:work-runtime:2.7.1] AndroidManifest.xml:36:13-38:52
222                android:name="androidx.work.WorkManagerInitializer"
222-->[androidx.work:work-runtime:2.7.1] AndroidManifest.xml:37:17-68
223                android:value="androidx.startup" />
223-->[androidx.work:work-runtime:2.7.1] AndroidManifest.xml:38:17-49
224        </provider>
225
226        <service
226-->[androidx.work:work-runtime:2.7.1] AndroidManifest.xml:41:9-46:35
227            android:name="androidx.work.impl.background.systemalarm.SystemAlarmService"
227-->[androidx.work:work-runtime:2.7.1] AndroidManifest.xml:42:13-88
228            android:directBootAware="false"
228-->[androidx.work:work-runtime:2.7.1] AndroidManifest.xml:43:13-44
229            android:enabled="@bool/enable_system_alarm_service_default"
229-->[androidx.work:work-runtime:2.7.1] AndroidManifest.xml:44:13-72
230            android:exported="false" />
230-->[androidx.work:work-runtime:2.7.1] AndroidManifest.xml:45:13-37
231        <service
231-->[androidx.work:work-runtime:2.7.1] AndroidManifest.xml:47:9-53:35
232            android:name="androidx.work.impl.background.systemjob.SystemJobService"
232-->[androidx.work:work-runtime:2.7.1] AndroidManifest.xml:48:13-84
233            android:directBootAware="false"
233-->[androidx.work:work-runtime:2.7.1] AndroidManifest.xml:49:13-44
234            android:enabled="@bool/enable_system_job_service_default"
234-->[androidx.work:work-runtime:2.7.1] AndroidManifest.xml:50:13-70
235            android:exported="true"
235-->[androidx.work:work-runtime:2.7.1] AndroidManifest.xml:51:13-36
236            android:permission="android.permission.BIND_JOB_SERVICE" />
236-->[androidx.work:work-runtime:2.7.1] AndroidManifest.xml:52:13-69
237        <service
237-->[androidx.work:work-runtime:2.7.1] AndroidManifest.xml:54:9-59:35
238            android:name="androidx.work.impl.foreground.SystemForegroundService"
238-->[androidx.work:work-runtime:2.7.1] AndroidManifest.xml:55:13-81
239            android:directBootAware="false"
239-->[androidx.work:work-runtime:2.7.1] AndroidManifest.xml:56:13-44
240            android:enabled="@bool/enable_system_foreground_service_default"
240-->[androidx.work:work-runtime:2.7.1] AndroidManifest.xml:57:13-77
241            android:exported="false" />
241-->[androidx.work:work-runtime:2.7.1] AndroidManifest.xml:58:13-37
242
243        <receiver
243-->[androidx.work:work-runtime:2.7.1] AndroidManifest.xml:61:9-66:35
244            android:name="androidx.work.impl.utils.ForceStopRunnable$BroadcastReceiver"
244-->[androidx.work:work-runtime:2.7.1] AndroidManifest.xml:62:13-88
245            android:directBootAware="false"
245-->[androidx.work:work-runtime:2.7.1] AndroidManifest.xml:63:13-44
246            android:enabled="true"
246-->[androidx.work:work-runtime:2.7.1] AndroidManifest.xml:64:13-35
247            android:exported="false" />
247-->[androidx.work:work-runtime:2.7.1] AndroidManifest.xml:65:13-37
248        <receiver
248-->[androidx.work:work-runtime:2.7.1] AndroidManifest.xml:67:9-77:20
249            android:name="androidx.work.impl.background.systemalarm.ConstraintProxy$BatteryChargingProxy"
249-->[androidx.work:work-runtime:2.7.1] AndroidManifest.xml:68:13-106
250            android:directBootAware="false"
250-->[androidx.work:work-runtime:2.7.1] AndroidManifest.xml:69:13-44
251            android:enabled="false"
251-->[androidx.work:work-runtime:2.7.1] AndroidManifest.xml:70:13-36
252            android:exported="false" >
252-->[androidx.work:work-runtime:2.7.1] AndroidManifest.xml:71:13-37
253            <intent-filter>
253-->[androidx.work:work-runtime:2.7.1] AndroidManifest.xml:73:13-76:29
254                <action android:name="android.intent.action.ACTION_POWER_CONNECTED" />
254-->[androidx.work:work-runtime:2.7.1] AndroidManifest.xml:74:17-87
254-->[androidx.work:work-runtime:2.7.1] AndroidManifest.xml:74:25-84
255                <action android:name="android.intent.action.ACTION_POWER_DISCONNECTED" />
255-->[androidx.work:work-runtime:2.7.1] AndroidManifest.xml:75:17-90
255-->[androidx.work:work-runtime:2.7.1] AndroidManifest.xml:75:25-87
256            </intent-filter>
257        </receiver>
258        <receiver
258-->[androidx.work:work-runtime:2.7.1] AndroidManifest.xml:78:9-88:20
259            android:name="androidx.work.impl.background.systemalarm.ConstraintProxy$BatteryNotLowProxy"
259-->[androidx.work:work-runtime:2.7.1] AndroidManifest.xml:79:13-104
260            android:directBootAware="false"
260-->[androidx.work:work-runtime:2.7.1] AndroidManifest.xml:80:13-44
261            android:enabled="false"
261-->[androidx.work:work-runtime:2.7.1] AndroidManifest.xml:81:13-36
262            android:exported="false" >
262-->[androidx.work:work-runtime:2.7.1] AndroidManifest.xml:82:13-37
263            <intent-filter>
263-->[androidx.work:work-runtime:2.7.1] AndroidManifest.xml:84:13-87:29
264                <action android:name="android.intent.action.BATTERY_OKAY" />
264-->[androidx.work:work-runtime:2.7.1] AndroidManifest.xml:85:17-77
264-->[androidx.work:work-runtime:2.7.1] AndroidManifest.xml:85:25-74
265                <action android:name="android.intent.action.BATTERY_LOW" />
265-->[androidx.work:work-runtime:2.7.1] AndroidManifest.xml:86:17-76
265-->[androidx.work:work-runtime:2.7.1] AndroidManifest.xml:86:25-73
266            </intent-filter>
267        </receiver>
268        <receiver
268-->[androidx.work:work-runtime:2.7.1] AndroidManifest.xml:89:9-99:20
269            android:name="androidx.work.impl.background.systemalarm.ConstraintProxy$StorageNotLowProxy"
269-->[androidx.work:work-runtime:2.7.1] AndroidManifest.xml:90:13-104
270            android:directBootAware="false"
270-->[androidx.work:work-runtime:2.7.1] AndroidManifest.xml:91:13-44
271            android:enabled="false"
271-->[androidx.work:work-runtime:2.7.1] AndroidManifest.xml:92:13-36
272            android:exported="false" >
272-->[androidx.work:work-runtime:2.7.1] AndroidManifest.xml:93:13-37
273            <intent-filter>
273-->[androidx.work:work-runtime:2.7.1] AndroidManifest.xml:95:13-98:29
274                <action android:name="android.intent.action.DEVICE_STORAGE_LOW" />
274-->[androidx.work:work-runtime:2.7.1] AndroidManifest.xml:96:17-83
274-->[androidx.work:work-runtime:2.7.1] AndroidManifest.xml:96:25-80
275                <action android:name="android.intent.action.DEVICE_STORAGE_OK" />
275-->[androidx.work:work-runtime:2.7.1] AndroidManifest.xml:97:17-82
275-->[androidx.work:work-runtime:2.7.1] AndroidManifest.xml:97:25-79
276            </intent-filter>
277        </receiver>
278        <receiver
278-->[androidx.work:work-runtime:2.7.1] AndroidManifest.xml:100:9-109:20
279            android:name="androidx.work.impl.background.systemalarm.ConstraintProxy$NetworkStateProxy"
279-->[androidx.work:work-runtime:2.7.1] AndroidManifest.xml:101:13-103
280            android:directBootAware="false"
280-->[androidx.work:work-runtime:2.7.1] AndroidManifest.xml:102:13-44
281            android:enabled="false"
281-->[androidx.work:work-runtime:2.7.1] AndroidManifest.xml:103:13-36
282            android:exported="false" >
282-->[androidx.work:work-runtime:2.7.1] AndroidManifest.xml:104:13-37
283            <intent-filter>
283-->[androidx.work:work-runtime:2.7.1] AndroidManifest.xml:106:13-108:29